<?xml version="1.0" encoding="UTF-8"?>
<testsuite xmlns:xsi="http://www.w3.org/2001/XMLSchema-instance" xsi:noNamespaceSchemaLocation="https://maven.apache.org/surefire/maven-surefire-plugin/xsd/surefire-test-report-3.0.xsd" version="3.0" name="TestSuite" time="211.254" tests="4" errors="0" skipped="0" failures="2">
  <properties>
[...]
</properties>
  <testcase name="basePageNavigation" classname="Academy.ValidateText" time="31.95">
    <system-err><![CDATA[Starting MSEdgeDriver 94.0.992.37 (89feb78f07d660f962e8e4bc182fe01a44f0241c) on port 35291
Only local connections are allowed.
Please see https://chromedriver.chromium.org/security-considerations for suggestions on keeping MSEdgeDriver safe.
MSEdgeDriver was started successfully.
Oct 09, 2021 11:52:53 PM org.openqa.selenium.remote.ProtocolHandshake createSession
INFO: Detected dialect: W3C
Starting MSEdgeDriver 94.0.992.37 (89feb78f07d660f962e8e4bc182fe01a44f0241c) on port 22990
Only local connections are allowed.
Please see https://chromedriver.chromium.org/security-considerations for suggestions on keeping MSEdgeDriver safe.
MSEdgeDriver was started successfully.
Oct 09, 2021 11:53:22 PM org.openqa.selenium.remote.ProtocolHandshake createSession
INFO: Detected dialect: W3C
Starting MSEdgeDriver 94.0.992.37 (89feb78f07d660f962e8e4bc182fe01a44f0241c) on port 32762
Only local connections are allowed.
Please see https://chromedriver.chromium.org/security-considerations for suggestions on keeping MSEdgeDriver safe.
MSEdgeDriver was started successfully.
Oct 09, 2021 11:53:51 PM org.openqa.selenium.remote.ProtocolHandshake createSession
INFO: Detected dialect: W3C
Starting MSEdgeDriver 94.0.992.37 (89feb78f07d660f962e8e4bc182fe01a44f0241c) on port 2313
Only local connections are allowed.
Please see https://chromedriver.chromium.org/security-considerations for suggestions on keeping MSEdgeDriver safe.
MSEdgeDriver was started successfully.
Oct 09, 2021 11:54:24 PM org.openqa.selenium.remote.ProtocolHandshake createSession
INFO: Detected dialect: W3C
]]></system-err>
  </testcase>
  <testcase name="basePageNavigation[nonrestricteduser@example.com, 123456, nonrestricted user](1)" classname="Academy.HomePage" time="36.428">
    <failure message="element click intercepted: Element &lt;a href=&quot;https://rahulshettyacademy.com/sign_in/&quot;&gt;...&lt;/a&gt; is not clickable at point (994, 15). Other element would receive the click: &lt;div class=&quot;listbuilder-popup-content&quot;&gt;...&lt;/div&gt;&#10;  (Session info: MicrosoftEdge=94.0.992.38)&#10;Build info: version: &apos;3.141.59&apos;, revision: &apos;e82be7d358&apos;, time: &apos;2018-11-14T08:17:03&apos;&#10;System info: host: &apos;BDC7-L-F27RYPD&apos;, ip: &apos;192.168.225.247&apos;, os.name: &apos;Windows 10&apos;, os.arch: &apos;amd64&apos;, os.version: &apos;10.0&apos;, java.version: &apos;16.0.2&apos;&#10;Driver info: org.openqa.selenium.edge.EdgeDriver&#10;Capabilities {acceptInsecureCerts: false, browserName: msedge, browserVersion: 94.0.992.38, javascriptEnabled: true, ms:edgeOptions: {debuggerAddress: localhost:51447}, msedge: {msedgedriverVersion: 94.0.992.37 (89feb78f07d660..., userDataDir: C:\Users\SHREYA~1.RAN\AppDa...}, networkConnectionEnabled: false, pageLoadStrategy: normal, platform: WINDOWS, platformName: WINDOWS, proxy: Proxy(), setWindowRect: true, strictFileInteractability: false, timeouts: {implicit: 0, pageLoad: 300000, script: 30000}, unhandledPromptBehavior: dismiss and notify, webauthn:extension:credBlob: true, webauthn:extension:largeBlob: true, webauthn:virtualAuthenticators: true}&#10;Session ID: e31457958544d885452f60b2e39d08d4" type="org.openqa.selenium.ElementClickInterceptedException"><![CDATA[org.openqa.selenium.ElementClickInterceptedException: 
element click intercepted: Element <a href="https://rahulshettyacademy.com/sign_in/">...</a> is not clickable at point (994, 15). Other element would receive the click: <div class="listbuilder-popup-content">...</div>
  (Session info: MicrosoftEdge=94.0.992.38)
Build info: version: '3.141.59', revision: 'e82be7d358', time: '2018-11-14T08:17:03'
System info: host: 'BDC7-L-F27RYPD', ip: '192.168.225.247', os.name: 'Windows 10', os.arch: 'amd64', os.version: '10.0', java.version: '16.0.2'
Driver info: org.openqa.selenium.edge.EdgeDriver
Capabilities {acceptInsecureCerts: false, browserName: msedge, browserVersion: 94.0.992.38, javascriptEnabled: true, ms:edgeOptions: {debuggerAddress: localhost:51447}, msedge: {msedgedriverVersion: 94.0.992.37 (89feb78f07d660..., userDataDir: C:\Users\SHREYA~1.RAN\AppDa...}, networkConnectionEnabled: false, pageLoadStrategy: normal, platform: WINDOWS, platformName: WINDOWS, proxy: Proxy(), setWindowRect: true, strictFileInteractability: false, timeouts: {implicit: 0, pageLoad: 300000, script: 30000}, unhandledPromptBehavior: dismiss and notify, webauthn:extension:credBlob: true, webauthn:extension:largeBlob: true, webauthn:virtualAuthenticators: true}
Session ID: e31457958544d885452f60b2e39d08d4
	at Academy.HomePage.basePageNavigation(HomePage.java:29)
]]></failure>
    <system-err><![CDATA[Starting MSEdgeDriver 94.0.992.37 (89feb78f07d660f962e8e4bc182fe01a44f0241c) on port 18134
Only local connections are allowed.
Please see https://chromedriver.chromium.org/security-considerations for suggestions on keeping MSEdgeDriver safe.
MSEdgeDriver was started successfully.
Oct 09, 2021 11:54:59 PM org.openqa.selenium.remote.ProtocolHandshake createSession
INFO: Detected dialect: W3C
]]></system-err>
  </testcase>
  <testcase name="basePageNavigation[restricteduser@example.com, 123456789, restricted user](2)" classname="Academy.HomePage" time="46.943">
    <failure message="no such element: Unable to locate element: {&quot;method&quot;:&quot;css selector&quot;,&quot;selector&quot;:&quot;.text-center&gt;h2&quot;}&#10;  (Session info: MicrosoftEdge=94.0.992.38)&#10;For documentation on this error, please visit: https://www.seleniumhq.org/exceptions/no_such_element.html&#10;Build info: version: &apos;3.141.59&apos;, revision: &apos;e82be7d358&apos;, time: &apos;2018-11-14T08:17:03&apos;&#10;System info: host: &apos;BDC7-L-F27RYPD&apos;, ip: &apos;192.168.225.247&apos;, os.name: &apos;Windows 10&apos;, os.arch: &apos;amd64&apos;, os.version: &apos;10.0&apos;, java.version: &apos;16.0.2&apos;&#10;Driver info: org.openqa.selenium.edge.EdgeDriver&#10;Capabilities {acceptInsecureCerts: false, browserName: msedge, browserVersion: 94.0.992.38, javascriptEnabled: true, ms:edgeOptions: {debuggerAddress: localhost:56532}, msedge: {msedgedriverVersion: 94.0.992.37 (89feb78f07d660..., userDataDir: C:\Users\SHREYA~1.RAN\AppDa...}, networkConnectionEnabled: false, pageLoadStrategy: normal, platform: WINDOWS, platformName: WINDOWS, proxy: Proxy(), setWindowRect: true, strictFileInteractability: false, timeouts: {implicit: 0, pageLoad: 300000, script: 30000}, unhandledPromptBehavior: dismiss and notify, webauthn:extension:credBlob: true, webauthn:extension:largeBlob: true, webauthn:virtualAuthenticators: true}&#10;Session ID: fb64a26934ea06c484c94b6e07310ee9&#10;*** Element info: {Using=css selector, value=.text-center&gt;h2}" type="org.openqa.selenium.NoSuchElementException"><![CDATA[org.openqa.selenium.NoSuchElementException: 
no such element: Unable to locate element: {"method":"css selector","selector":".text-center>h2"}
  (Session info: MicrosoftEdge=94.0.992.38)
For documentation on this error, please visit: https://www.seleniumhq.org/exceptions/no_such_element.html
Build info: version: '3.141.59', revision: 'e82be7d358', time: '2018-11-14T08:17:03'
System info: host: 'BDC7-L-F27RYPD', ip: '192.168.225.247', os.name: 'Windows 10', os.arch: 'amd64', os.version: '10.0', java.version: '16.0.2'
Driver info: org.openqa.selenium.edge.EdgeDriver
Capabilities {acceptInsecureCerts: false, browserName: msedge, browserVersion: 94.0.992.38, javascriptEnabled: true, ms:edgeOptions: {debuggerAddress: localhost:56532}, msedge: {msedgedriverVersion: 94.0.992.37 (89feb78f07d660..., userDataDir: C:\Users\SHREYA~1.RAN\AppDa...}, networkConnectionEnabled: false, pageLoadStrategy: normal, platform: WINDOWS, platformName: WINDOWS, proxy: Proxy(), setWindowRect: true, strictFileInteractability: false, timeouts: {implicit: 0, pageLoad: 300000, script: 30000}, unhandledPromptBehavior: dismiss and notify, webauthn:extension:credBlob: true, webauthn:extension:largeBlob: true, webauthn:virtualAuthenticators: true}
Session ID: fb64a26934ea06c484c94b6e07310ee9
*** Element info: {Using=css selector, value=.text-center>h2}
	at Academy.HomePage.basePageNavigation(HomePage.java:36)
]]></failure>
    <system-out><![CDATA[restricted user]]></system-out>
    <system-err><![CDATA[Starting MSEdgeDriver 94.0.992.37 (89feb78f07d660f962e8e4bc182fe01a44f0241c) on port 34541
Only local connections are allowed.
Please see https://chromedriver.chromium.org/security-considerations for suggestions on keeping MSEdgeDriver safe.
MSEdgeDriver was started successfully.
Oct 09, 2021 11:55:34 PM org.openqa.selenium.remote.ProtocolHandshake createSession
INFO: Detected dialect: W3C
]]></system-err>
  </testcase>
  <testcase name="basePageNavigation" classname="Academy.ValidateNavigateTitle" time="0.095"/>
</testsuite>