<?xml version="1.0" encoding="UTF-8"?>
<testsuite xmlns:xsi="http://www.w3.org/2001/XMLSchema-instance" xsi:noNamespaceSchemaLocation="https://maven.apache.org/surefire/maven-surefire-plugin/xsd/surefire-test-report.xsd" name="TestSuite" time="0.961" tests="3" errors="0" skipped="0" failures="0">
  <properties>
[...]
</properties>
  <testcase name="shouldAnswerWithTrue on shouldAnswerWithTrue(qaclickacademy.AppTest)" classname="qaclickacademy.AppTest" time="0.004"/>
  <testcase name="shouldAnswerWithTrueSeleniumTest on shouldAnswerWithTrueSeleniumTest(qaclickacademy.SeleniumTest)" classname="qaclickacademy.SeleniumTest" time="0"/>
  <testcase name="shouldAnswerWithTrueSelenium on shouldAnswerWithTrueSelenium(qaclickacademy.SeleniumTest)" classname="qaclickacademy.SeleniumTest" time="0"/>
</testsuite>