<?xml version="1.0" encoding="UTF-8"?>
<testng-results total="3" passed="3" failed="0" skipped="0">
  <reporter-output>
  </reporter-output>
  <suite started-at="2021-09-28T13:59:58Z" name="Surefire suite" finished-at="2021-09-28T13:59:58Z" duration-ms="161">
    <groups>
    </groups>
    <test started-at="2021-09-28T13:59:58Z" name="Surefire test" finished-at="2021-09-28T13:59:58Z" duration-ms="161">
      <class name="qaclickacademy.AppTest">
        <test-method signature="shouldAnswerWithTrue()[pri:0, instance:shouldAnswerWithTrue(qaclickacademy.AppTest)]" started-at="2021-09-28T19:29:58Z" name="shouldAnswerWithTrue" finished-at="2021-09-28T19:29:58Z" duration-ms="5" status="PASS">
          <reporter-output>
          </reporter-output>
        </test-method> <!-- shouldAnswerWithTrue -->
      </class> <!-- qaclickacademy.AppTest -->
      <class name="qaclickacademy.SeleniumTest">
        <test-method signature="shouldAnswerWithTrueSeleniumTest()[pri:0, instance:shouldAnswerWithTrueSeleniumTest(qaclickacademy.SeleniumTest)]" started-at="2021-09-28T19:29:58Z" name="shouldAnswerWithTrueSeleniumTest" finished-at="2021-09-28T19:29:58Z" duration-ms="0" status="PASS">
          <reporter-output>
          </reporter-output>
        </test-method> <!-- shouldAnswerWithTrueSeleniumTest -->
        <test-method signature="shouldAnswerWithTrueSelenium()[pri:0, instance:shouldAnswerWithTrueSelenium(qaclickacademy.SeleniumTest)]" started-at="2021-09-28T19:29:58Z" name="shouldAnswerWithTrueSelenium" finished-at="2021-09-28T19:29:58Z" duration-ms="0" status="PASS">
          <reporter-output>
          </reporter-output>
        </test-method> <!-- shouldAnswerWithTrueSelenium -->
      </class> <!-- qaclickacademy.SeleniumTest -->
    </test> <!-- Surefire test -->
  </suite> <!-- Surefire suite -->
</testng-results>
