<?xml version="1.0" encoding="UTF-8"?>
<!-- Generated by org.testng.reporters.JUnitXMLReporter -->
<testsuite ignored="0" hostname="BDC7-L-F27RYPD" failures="0" tests="4" name="Test" time="0.108" errors="0" timestamp="2021-09-27T05:42:48 IST">
  <testcase classname="test.testngdemo" name="test" time="0.008"/>
  <testcase classname="test.testngdemo" name="test2" time="0.003"/>
  <testcase classname="test.day2" name="test3" time="0.002"/>
  <testcase classname="test.day3" name="test3" time="0.002"/>
</testsuite> <!-- Test -->
