<?xml version="1.0" encoding="UTF-8"?>
<!-- Generated by org.testng.reporters.JUnitXMLReporter -->
<testsuite hostname="BDC7-L-F27RYPD" failures="0" tests="3" name="Surefire test" time="0.161" errors="0" timestamp="28 Sep 2021 13:59:58 GMT">
  <testcase classname="qaclickacademy.AppTest" name="shouldAnswerWithTrue on shouldAnswerWithTrue(qaclickacademy.AppTest)" time="0.005"/>
  <testcase classname="qaclickacademy.SeleniumTest" name="shouldAnswerWithTrueSeleniumTest on shouldAnswerWithTrueSeleniumTest(qaclickacademy.SeleniumTest)" time="0.0"/>
  <testcase classname="qaclickacademy.SeleniumTest" name="shouldAnswerWithTrueSelenium on shouldAnswerWithTrueSelenium(qaclickacademy.SeleniumTest)" time="0.0"/>
</testsuite> <!-- Surefire test -->
