<?xml version="1.0" encoding="UTF-8"?>
<testng-results ignored="0" total="4" passed="4" failed="0" skipped="0">
  <reporter-output>
  </reporter-output>
  <suite started-at="2021-09-27T05:42:48 IST" name="Suite" finished-at="2021-09-27T05:42:48 IST" duration-ms="108">
    <groups>
    </groups>
    <test started-at="2021-09-27T05:42:48 IST" name="Test" finished-at="2021-09-27T05:42:48 IST" duration-ms="108">
      <class name="test.testngdemo">
        <test-method signature="test()[pri:0, instance:test.testngdemo@2177849e]" started-at="2021-09-27T05:42:48 IST" name="test" finished-at="2021-09-27T05:42:48 IST" duration-ms="8" status="PASS">
          <reporter-output>
          </reporter-output>
        </test-method> <!-- test -->
        <test-method signature="test2()[pri:0, instance:test.testngdemo@2177849e]" started-at="2021-09-27T05:42:48 IST" name="test2" finished-at="2021-09-27T05:42:48 IST" duration-ms="3" status="PASS">
          <reporter-output>
          </reporter-output>
        </test-method> <!-- test2 -->
      </class> <!-- test.testngdemo -->
      <class name="test.day2">
        <test-method is-config="true" signature="test4()[pri:0, instance:test.day2@66498326]" started-at="2021-09-27T05:42:48 IST" name="test4" finished-at="2021-09-27T05:42:48 IST" duration-ms="14" status="PASS">
          <reporter-output>
          </reporter-output>
        </test-method> <!-- test4 -->
        <test-method signature="test3()[pri:0, instance:test.day2@66498326]" started-at="2021-09-27T05:42:48 IST" name="test3" finished-at="2021-09-27T05:42:48 IST" duration-ms="2" status="PASS">
          <reporter-output>
          </reporter-output>
        </test-method> <!-- test3 -->
      </class> <!-- test.day2 -->
      <class name="test.day3">
        <test-method signature="test3()[pri:0, instance:test.day3@cad498c]" started-at="2021-09-27T05:42:48 IST" name="test3" finished-at="2021-09-27T05:42:48 IST" duration-ms="2" status="PASS">
          <reporter-output>
          </reporter-output>
        </test-method> <!-- test3 -->
        <test-method is-config="true" signature="test4()[pri:0, instance:test.day3@cad498c]" started-at="2021-09-27T05:42:48 IST" name="test4" finished-at="2021-09-27T05:42:48 IST" duration-ms="1" status="PASS">
          <reporter-output>
          </reporter-output>
        </test-method> <!-- test4 -->
      </class> <!-- test.day3 -->
    </test> <!-- Test -->
  </suite> <!-- Suite -->
</testng-results>
